Build started 17.02.2016 23:16:26.
     1>Project "C:\Users\Adrian\Desktop\game2\ogl-tut\ogl-tut\ogl-tut.vcxproj" on node 2 (Build target(s)).
     1>ClCompile:
         C:\Program Files\Microsoft Visual Studio 12.0\VC\bin\CL.exe /c /I.\include /ZI /nologo /W3 /WX- /Od /Oy- /D WIN32 /D _DEBUG /D _CONSOLE /D _LIB /D _UNICODE /D UNICODE /Gm /EHsc /RTC1 /MDd /GS /fp:precise /Zc:wchar_t /Zc:forScope /Fo"Debug\\" /Fd"Debug\vc120.pdb" /Gd /TP /analyze- /errorReport:prompt main.cpp
         main.cpp
     1>c:\users\adrian\desktop\game2\ogl-tut\ogl-tut\main.cpp(27): warning C4244: 'argument' : conversion from 'time_t' to 'unsigned int', possible loss of data
       Link:
         C:\Program Files\Microsoft Visual Studio 12.0\VC\bin\link.exe /ERRORREPORT:PROMPT /OUT:"C:\Users\Adrian\Desktop\game2\ogl-tut\Debug\ogl-tut.exe" /INCREMENTAL /NOLOGO /LIBPATH:.\lib glew32.lib glew32s.lib SDL2.lib SDL2main.lib SDL2test.lib OpenGL32.lib kernel32.lib user32.lib gdi32.lib winspool.lib comdlg32.lib advapi32.lib shell32.lib ole32.lib oleaut32.lib uuid.lib odbc32.lib odbccp32.lib /MANIFEST /MANIFESTUAC:"level='asInvoker' uiAccess='false'" /manifest:embed /DEBUG /PDB:"C:\Users\Adrian\Desktop\game2\ogl-tut\Debug\ogl-tut.pdb" /SUBSYSTEM:CONSOLE /TLBID:1 /DYNAMICBASE /NXCOMPAT /IMPLIB:"C:\Users\Adrian\Desktop\game2\ogl-tut\Debug\ogl-tut.lib" /MACHINE:X86 Debug\camera.obj
         Debug\display.obj
         Debug\entity.obj
         Debug\light.obj
         Debug\main.obj
         Debug\masterRenderer.obj
         Debug\mesh.obj
         Debug\objw_loader.obj
         Debug\renderer.obj
         Debug\shader.obj
         Debug\stb_image.obj
         Debug\terrain.obj
         Debug\terrainRenderer.obj
         Debug\terrainShader.obj
         Debug\terrainTexture.obj
         Debug\terrainTexturePack.obj
         Debug\texture.obj
         Debug\transform.obj
         ogl-tut.vcxproj -> C:\Users\Adrian\Desktop\game2\ogl-tut\Debug\ogl-tut.exe
     1>Done Building Project "C:\Users\Adrian\Desktop\game2\ogl-tut\ogl-tut\ogl-tut.vcxproj" (Build target(s)).

Build succeeded.

Time Elapsed 00:00:01.87
