c:\users\adrian\desktop\game2\ogl-tut\ogl-tut\debug\vc120.pdb
c:\users\adrian\desktop\game2\ogl-tut\ogl-tut\debug\vc120.idb
c:\users\adrian\desktop\game2\ogl-tut\ogl-tut\debug\camera.obj
c:\users\adrian\desktop\game2\ogl-tut\ogl-tut\debug\display.obj
c:\users\adrian\desktop\game2\ogl-tut\ogl-tut\debug\entity.obj
c:\users\adrian\desktop\game2\ogl-tut\ogl-tut\debug\light.obj
c:\users\adrian\desktop\game2\ogl-tut\ogl-tut\debug\main.obj
c:\users\adrian\desktop\game2\ogl-tut\ogl-tut\debug\masterrenderer.obj
c:\users\adrian\desktop\game2\ogl-tut\ogl-tut\debug\mesh.obj
c:\users\adrian\desktop\game2\ogl-tut\ogl-tut\debug\objw_loader.obj
c:\users\adrian\desktop\game2\ogl-tut\ogl-tut\debug\renderer.obj
c:\users\adrian\desktop\game2\ogl-tut\ogl-tut\debug\shader.obj
c:\users\adrian\desktop\game2\ogl-tut\ogl-tut\debug\terrain.obj
c:\users\adrian\desktop\game2\ogl-tut\ogl-tut\debug\terrainrenderer.obj
c:\users\adrian\desktop\game2\ogl-tut\ogl-tut\debug\terrainshader.obj
c:\users\adrian\desktop\game2\ogl-tut\ogl-tut\debug\texture.obj
c:\users\adrian\desktop\game2\ogl-tut\ogl-tut\debug\transform.obj
c:\users\adrian\desktop\game2\ogl-tut\ogl-tut\debug\stb_image.obj
c:\users\adrian\desktop\game2\ogl-tut\debug\ogl-tut.ilk
c:\users\adrian\desktop\game2\ogl-tut\debug\ogl-tut.exe
c:\users\adrian\desktop\game2\ogl-tut\debug\ogl-tut.pdb
c:\users\adrian\desktop\game2\ogl-tut\ogl-tut\debug\ogl-tut.tlog\cl.command.1.tlog
c:\users\adrian\desktop\game2\ogl-tut\ogl-tut\debug\ogl-tut.tlog\cl.read.1.tlog
c:\users\adrian\desktop\game2\ogl-tut\ogl-tut\debug\ogl-tut.tlog\cl.write.1.tlog
c:\users\adrian\desktop\game2\ogl-tut\ogl-tut\debug\ogl-tut.tlog\link.command.1.tlog
c:\users\adrian\desktop\game2\ogl-tut\ogl-tut\debug\ogl-tut.tlog\link.read.1.tlog
c:\users\adrian\desktop\game2\ogl-tut\ogl-tut\debug\ogl-tut.tlog\link.write.1.tlog
